Arguments: 
  /usr/local/bin/node /usr/local/bin/yarn add layerzero-contracts

PATH: 
  /opt/homebrew/bin:/usr/local/bin:/usr/bin:/bin:/usr/sbin:/sbin:/opt/homebrew/bin:/Users/kong.nopwattanapong/.foundry/bin

Yarn version: 
  1.22.19

Node version: 
  16.17.0

Platform: 
  darwin arm64

Trace: 
  Error: https://registry.yarnpkg.com/@layerzerolabs%2fcontracts: Not found
      at Request.params.callback [as _callback] (/usr/local/lib/node_modules/yarn/lib/cli.js:66145:18)
      at Request.self.callback (/usr/local/lib/node_modules/yarn/lib/cli.js:140890:22)
      at Request.emit (node:events:513:28)
      at Request.<anonymous> (/usr/local/lib/node_modules/yarn/lib/cli.js:141862:10)
      at Request.emit (node:events:513:28)
      at IncomingMessage.<anonymous> (/usr/local/lib/node_modules/yarn/lib/cli.js:141784:12)
      at Object.onceWrapper (node:events:627:28)
      at IncomingMessage.emit (node:events:525:35)
      at endReadableNT (node:internal/streams/readable:1358:12)
      at processTicksAndRejections (node:internal/process/task_queues:83:21)

npm manifest: 
  {
    "name": "hardhat-project",
    "devDependencies": {
      "@ethersproject/providers": "^5.7.1",
      "@layerzerolabs/contracts": "latest",
      "@nomicfoundation/hardhat-chai-matchers": "^1.0.3",
      "@nomicfoundation/hardhat-network-helpers": "^1.0.6",
      "@nomicfoundation/hardhat-toolbox": "^2.0.0",
      "@nomiclabs/hardhat-ethers": "^2.1.1",
      "@nomiclabs/hardhat-etherscan": "^3.1.0",
      "@typechain/ethers-v5": "^10.1.0",
      "@typechain/hardhat": "^6.1.3",
      "@types/chai": "^4.3.3",
      "@types/mocha": "^9.1.1",
      "chai": "^4.3.6",
      "ethers": "^5.7.1",
      "hardhat": "^2.11.2",
      "hardhat-gas-reporter": "^1.0.9",
      "solidity-coverage": "^0.8.2",
      "ts-node": "^10.9.1",
      "typechain": "^8.1.0",
      "typescript": "^4.8.3"
    }
  }

yarn manifest: 
  No manifest

Lockfile: 
  No lockfile
